Using pre-set license
Built from '2021.1/staging' branch; Version is '2021.1.7f1 (d91830b65d9b) revision 14227504'; Using compiler version '192528614'; Build Type 'Release'
OS: 'Windows 10 Education; OS build 19041.985; Version 2004; 64bit' Language: 'de' Physical Memory: 65493 MB
BatchMode: 1, IsHumanControllingUs: 0, StartBugReporterOnCrash: 0, Is64bit: 1, IsPro: 0

 COMMAND LINE ARGUMENTS:
D:\Unity\2021.1.7f1\Editor\Unity.exe
-adb2
-batchMode
-noUpm
-name
AssetImportWorker0
-projectPath
D:/Git/GDV_ProjectGrandSlam
-logFile
Logs/AssetImportWorker0.log
-srvPort
59502
Successfully changed project path to: D:/Git/GDV_ProjectGrandSlam
D:/Git/GDV_ProjectGrandSlam
Using Asset Import Pipeline V2.
Refreshing native plugins compatible for Editor in 108.85 ms, found 0 plugins.
Preloading 0 native plugins for Editor in 0.00 ms.
Initialize engine version: 2021.1.7f1 (d91830b65d9b)
[Subsystems] Discovering subsystems at path D:/Unity/2021.1.7f1/Editor/Data/Resources/UnitySubsystems
[Subsystems] Discovering subsystems at path D:/Git/GDV_ProjectGrandSlam/Assets
GfxDevice: creating device client; threaded=0; jobified=0
Direct3D:
    Version:  Direct3D 11.0 [level 11.1]
    Renderer: NVIDIA GeForce GTX 1060 6GB (ID=0x1c03)
    Vendor:   NVIDIA
    VRAM:     6052 MB
    Driver:   27.21.14.6611
Initialize mono
Mono path[0] = 'D:/Unity/2021.1.7f1/Editor/Data/Managed'
Mono path[1] = 'D:/Unity/2021.1.7f1/Editor/Data/MonoBleedingEdge/lib/mono/unityjit'
Mono config path = 'D:/Unity/2021.1.7f1/Editor/Data/MonoBleedingEdge/etc'
Using monoOptions --debugger-agent=transport=dt_socket,embedding=1,server=y,suspend=n,address=127.0.0.1:56304
Begin MonoManager ReloadAssembly
Registering precompiled unity dll's ...
Register platform support module: D:/Unity/2021.1.7f1/Editor/Data/PlaybackEngines/MacStandaloneSupport/UnityEditor.OSXStandalone.Extensions.dll
Register platform support module: D:/Unity/2021.1.7f1/Editor/Data/PlaybackEngines/WindowsStandaloneSupport/UnityEditor.WindowsStandalone.Extensions.dll
Registered in 0.003049 seconds.
Native extension for WindowsStandalone target not found
Native extension for OSXStandalone target not found
Refreshing native plugins compatible for Editor in 96.91 ms, found 0 plugins.
Preloading 0 native plugins for Editor in 0.00 ms.
Mono: successfully reloaded assembly
- Completed reload, in  2.717 seconds
Platform modules already initialized, skipping
Registering precompiled user dll's ...
Registered in 0.006180 seconds.
Begin MonoManager ReloadAssembly
Native extension for WindowsStandalone target not found
Native extension for OSXStandalone target not found
Refreshing native plugins compatible for Editor in 1.53 ms, found 0 plugins.
Preloading 0 native plugins for Editor in 0.00 ms.
Mono: successfully reloaded assembly
- Completed reload, in  2.396 seconds
Platform modules already initialized, skipping
========================================================================
Worker process is ready to serve import requests
Launched and connected shader compiler UnityShaderCompiler.exe after 0.10 seconds
Refreshing native plugins compatible for Editor in 1.40 ms, found 0 plugins.
Preloading 0 native plugins for Editor in 0.00 ms.
Unloading 2358 Unused Serialized files (Serialized files now loaded: 0)
System memory in use before: 191.1 MB.
System memory in use after: 191.3 MB.

Unloading 57 unused Assets to reduce memory usage. Loaded Objects now: 2791.
Total: 10.144300 ms (FindLiveObjects: 0.349600 ms CreateObjectMapping: 0.169500 ms MarkObjects: 9.554600 ms  DeleteObjects: 0.068100 ms)

========================================================================
Received Import Request.
  path: Assets/Script/PlayerScripts/PlayerSpawner.cs
  artifactKey: Guid(3c0c907d999164b4bb6810dd6bf7bcfb) Importer(815301076,1909f56bfc062723c751e8b465ee728b)
Start importing Assets/Script/PlayerScripts/PlayerSpawner.cs using Guid(3c0c907d999164b4bb6810dd6bf7bcfb) Importer(815301076,1909f56bfc062723c751e8b465ee728b)  -> (artifact id: '94308245268eeb6a5860c5d13d510c82') in 0.123297 seconds 
========================================================================
Received Import Request.
  Time since last request: 11.989048 seconds.
  path: Assets/Script/PlayerScripts/PlayerScript.cs
  artifactKey: Guid(dff053ec6efa548eb899bade09296d63) Importer(815301076,1909f56bfc062723c751e8b465ee728b)
Start importing Assets/Script/PlayerScripts/PlayerScript.cs using Guid(dff053ec6efa548eb899bade09296d63) Importer(815301076,1909f56bfc062723c751e8b465ee728b)  -> (artifact id: '5561a462915e00fe130fb7c9e21479cc') in 0.016000 seconds 
AssetImportWorkerClient::OnTransportError - code=2 error=End of file
